{"level":"info","message":"Current server time: 2024-06-13 09:19:08.268","timestamp":"2024-06-13 09:19:08.418"}
{"level":"info","message":"Current server time: 2024-06-13 09:19:08.832","timestamp":"2024-06-13 09:19:08.979"}
{"level":"info","message":"Current server time: 2024-06-13 09:19:09.384","timestamp":"2024-06-13 09:19:09.529"}
{"level":"info","message":"Current server time: 2024-06-13 09:19:09.938","timestamp":"2024-06-13 09:19:10.083"}
{"level":"info","message":"Current server time: 2024-06-13 09:19:10.511","timestamp":"2024-06-13 09:19:10.658"}
{"level":"info","message":"Current server time: 2024-06-13 09:19:11.068","timestamp":"2024-06-13 09:19:11.215"}
{"level":"info","message":"Current server time: 2024-06-13 09:19:11.622","timestamp":"2024-06-13 09:19:11.779"}
{"level":"info","message":"Current server time: 2024-06-13 09:19:12.181","timestamp":"2024-06-13 09:19:12.327"}
{"level":"info","message":"Current server time: 2024-06-13 09:19:12.732","timestamp":"2024-06-13 09:19:12.880"}
{"level":"info","message":"Current server time: 2024-06-13 09:19:13.288","timestamp":"2024-06-13 09:19:13.434"}
{"level":"info","message":"Current server time: 2024-06-13 09:19:13.840","timestamp":"2024-06-13 09:19:13.998"}
{"level":"info","message":"Current server time: 2024-06-13 09:19:14.404","timestamp":"2024-06-13 09:19:14.551"}
{"level":"info","message":"Current server time: 2024-06-13 09:19:14.973","timestamp":"2024-06-13 09:19:15.129"}
{"level":"info","message":"Current server time: 2024-06-13 09:19:15.533","timestamp":"2024-06-13 09:19:15.679"}
{"level":"info","message":"Current server time: 2024-06-13 09:19:16.087","timestamp":"2024-06-13 09:19:16.233"}
{"level":"info","message":"Current server time: 2024-06-13 09:19:16.648","timestamp":"2024-06-13 09:19:16.794"}
{"level":"info","message":"Current server time: 2024-06-13 09:19:17.200","timestamp":"2024-06-13 09:19:17.346"}
{"level":"info","message":"Current server time: 2024-06-13 09:19:17.758","timestamp":"2024-06-13 09:19:17.904"}
{"level":"info","message":"Current server time: 2024-06-13 09:19:18.310","timestamp":"2024-06-13 09:19:18.455"}
{"level":"info","message":"Current server time: 2024-06-13 09:19:18.869","timestamp":"2024-06-13 09:19:19.015"}
{"level":"info","message":"Current server time: 2024-06-13 09:19:19.429","timestamp":"2024-06-13 09:19:19.578"}
{"level":"info","message":"Current server time: 2024-06-13 09:19:19.983","timestamp":"2024-06-13 09:19:20.128"}
{"level":"info","message":"Current server time: 2024-06-13 09:19:20.569","timestamp":"2024-06-13 09:19:20.719"}
{"level":"info","message":"Current server time: 2024-06-13 09:19:21.123","timestamp":"2024-06-13 09:19:21.268"}
{"level":"info","message":"Current server time: 2024-06-13 09:19:21.676","timestamp":"2024-06-13 09:19:21.829"}
{"level":"info","message":"Current server time: 2024-06-13 09:19:22.227","timestamp":"2024-06-13 09:19:22.383"}
{"level":"info","message":"Current server time: 2024-06-13 09:19:22.785","timestamp":"2024-06-13 09:19:22.941"}
{"level":"info","message":"Current server time: 2024-06-13 09:19:23.352","timestamp":"2024-06-13 09:19:23.498"}
{"level":"info","message":"Current server time: 2024-06-13 09:19:23.907","timestamp":"2024-06-13 09:19:24.051"}
{"level":"info","message":"Current server time: 2024-06-13 09:19:24.464","timestamp":"2024-06-13 09:19:24.609"}
{"level":"info","message":"Current server time: 2024-06-13 09:19:25.026","timestamp":"2024-06-13 09:19:25.193"}
{"level":"info","message":"Current server time: 2024-06-13 09:19:25.601","timestamp":"2024-06-13 09:19:25.747"}
{"level":"info","message":"Current server time: 2024-06-13 09:19:26.158","timestamp":"2024-06-13 09:19:26.303"}
{"level":"info","message":"Current server time: 2024-06-13 09:19:26.714","timestamp":"2024-06-13 09:19:26.860"}
{"level":"info","message":"Current server time: 2024-06-13 09:19:27.298","timestamp":"2024-06-13 09:19:27.444"}
{"level":"info","message":"Current server time: 2024-06-13 09:19:27.852","timestamp":"2024-06-13 09:19:27.998"}
{"level":"info","message":"Current server time: 2024-06-13 09:19:28.398","timestamp":"2024-06-13 09:19:28.543"}
{"level":"info","message":"Current server time: 2024-06-13 09:19:28.963","timestamp":"2024-06-13 09:19:29.108"}
{"level":"info","message":"Current server time: 2024-06-13 09:19:29.505","timestamp":"2024-06-13 09:19:29.662"}
{"level":"info","message":"Current server time: 2024-06-13 09:19:30.075","timestamp":"2024-06-13 09:19:30.221"}
{"level":"info","message":"Current server time: 2024-06-13 09:19:30.653","timestamp":"2024-06-13 09:19:30.799"}
{"level":"info","message":"Current server time: 2024-06-13 09:19:31.191","timestamp":"2024-06-13 09:19:31.347"}
{"level":"info","message":"Current server time: 2024-06-13 09:19:31.762","timestamp":"2024-06-13 09:19:31.908"}
{"level":"info","message":"Current server time: 2024-06-13 09:19:32.321","timestamp":"2024-06-13 09:19:32.467"}
{"level":"info","message":"Current server time: 2024-06-13 09:19:32.880","timestamp":"2024-06-13 09:19:33.025"}
{"level":"info","message":"Current server time: 2024-06-13 09:19:33.438","timestamp":"2024-06-13 09:19:33.584"}
{"level":"info","message":"Current server time: 2024-06-13 09:19:33.994","timestamp":"2024-06-13 09:19:34.139"}
{"level":"info","message":"Current server time: 2024-06-13 09:19:34.548","timestamp":"2024-06-13 09:19:34.693"}
{"level":"info","message":"Current server time: 2024-06-13 09:19:35.093","timestamp":"2024-06-13 09:19:35.237"}
{"level":"info","message":"Current server time: 2024-06-13 09:19:35.650","timestamp":"2024-06-13 09:19:35.796"}
{"level":"info","message":"Current server time: 2024-06-13 09:19:36.207","timestamp":"2024-06-13 09:19:36.352"}
{"level":"info","message":"Current server time: 2024-06-13 09:19:36.761","timestamp":"2024-06-13 09:19:36.907"}
{"level":"info","message":"Current server time: 2024-06-13 09:19:37.335","timestamp":"2024-06-13 09:19:37.481"}
{"level":"info","message":"Current server time: 2024-06-13 09:19:37.885","timestamp":"2024-06-13 09:19:38.030"}
{"level":"info","message":"Current server time: 2024-06-13 09:19:38.438","timestamp":"2024-06-13 09:19:38.585"}
{"level":"info","message":"Current server time: 2024-06-13 09:19:38.998","timestamp":"2024-06-13 09:19:39.144"}
{"level":"info","message":"Current server time: 2024-06-13 09:19:39.553","timestamp":"2024-06-13 09:19:39.699"}
{"level":"info","message":"Current server time: 2024-06-13 09:19:40.108","timestamp":"2024-06-13 09:19:40.253"}
{"level":"info","message":"Current server time: 2024-06-13 09:19:40.667","timestamp":"2024-06-13 09:19:40.813"}
{"level":"info","message":"Current server time: 2024-06-13 09:19:41.224","timestamp":"2024-06-13 09:19:41.369"}
{"level":"info","message":"Current server time: 2024-06-13 09:19:41.789","timestamp":"2024-06-13 09:19:41.934"}
{"level":"info","message":"Current server time: 2024-06-13 09:19:42.348","timestamp":"2024-06-13 09:19:42.494"}
{"level":"info","message":"Current server time: 2024-06-13 09:19:42.894","timestamp":"2024-06-13 09:19:43.039"}
{"level":"info","message":"Current server time: 2024-06-13 09:19:43.449","timestamp":"2024-06-13 09:19:43.594"}
{"level":"info","message":"Current server time: 2024-06-13 09:19:44.006","timestamp":"2024-06-13 09:19:44.151"}
{"level":"info","message":"Current server time: 2024-06-13 09:19:44.572","timestamp":"2024-06-13 09:19:44.718"}
{"level":"info","message":"Current server time: 2024-06-13 09:19:45.126","timestamp":"2024-06-13 09:19:45.271"}
{"level":"info","message":"Current server time: 2024-06-13 09:19:45.679","timestamp":"2024-06-13 09:19:45.825"}
{"level":"info","message":"Current server time: 2024-06-13 09:19:46.234","timestamp":"2024-06-13 09:19:46.380"}
{"level":"info","message":"Current server time: 2024-06-13 09:19:46.789","timestamp":"2024-06-13 09:19:46.934"}
{"level":"info","message":"Current server time: 2024-06-13 09:19:47.337","timestamp":"2024-06-13 09:19:47.483"}
{"level":"info","message":"Current server time: 2024-06-13 09:19:47.899","timestamp":"2024-06-13 09:19:48.045"}
{"level":"info","message":"Current server time: 2024-06-13 09:19:48.450","timestamp":"2024-06-13 09:19:48.594"}
{"level":"info","message":"Current server time: 2024-06-13 09:19:48.996","timestamp":"2024-06-13 09:19:49.140"}
{"level":"info","message":"Current server time: 2024-06-13 09:19:49.548","timestamp":"2024-06-13 09:19:49.696"}
{"level":"info","message":"Current server time: 2024-06-13 09:19:50.103","timestamp":"2024-06-13 09:19:50.248"}
{"level":"info","message":"Current server time: 2024-06-13 09:19:50.661","timestamp":"2024-06-13 09:19:50.809"}
{"level":"info","message":"Current server time: 2024-06-13 09:19:51.225","timestamp":"2024-06-13 09:19:51.371"}
{"level":"info","message":"Current server time: 2024-06-13 09:19:51.783","timestamp":"2024-06-13 09:19:51.931"}
{"level":"info","message":"Current server time: 2024-06-13 09:19:52.655","timestamp":"2024-06-13 09:19:52.820"}
{"level":"info","message":"Current server time: 2024-06-13 09:19:53.235","timestamp":"2024-06-13 09:19:53.381"}
{"level":"info","message":"Current server time: 2024-06-13 09:19:53.789","timestamp":"2024-06-13 09:19:53.935"}
{"level":"info","message":"Current server time: 2024-06-13 09:19:54.348","timestamp":"2024-06-13 09:19:54.496"}
{"level":"info","message":"Current server time: 2024-06-13 09:19:54.891","timestamp":"2024-06-13 09:19:55.047"}
{"level":"info","message":"Current server time: 2024-06-13 09:19:55.435","timestamp":"2024-06-13 09:19:55.592"}
{"level":"info","message":"Current server time: 2024-06-13 09:19:55.995","timestamp":"2024-06-13 09:19:56.139"}
{"level":"info","message":"Current server time: 2024-06-13 09:19:56.563","timestamp":"2024-06-13 09:19:56.716"}
{"level":"info","message":"Current server time: 2024-06-13 09:19:57.129","timestamp":"2024-06-13 09:19:57.275"}
{"level":"info","message":"Current server time: 2024-06-13 09:19:57.707","timestamp":"2024-06-13 09:19:57.855"}
{"level":"info","message":"Current server time: 2024-06-13 09:19:58.278","timestamp":"2024-06-13 09:19:58.425"}
{"level":"info","message":"Current server time: 2024-06-13 09:19:58.847","timestamp":"2024-06-13 09:19:59.004"}
{"level":"info","message":"Current server time: 2024-06-13 09:19:59.419","timestamp":"2024-06-13 09:19:59.584"}
{"level":"info","message":"Current server time: 2024-06-13 09:19:59.976","timestamp":"2024-06-13 09:20:00.132"}
{"level":"info","message":"Current server time: 2024-06-13 09:20:00.529","timestamp":"2024-06-13 09:20:00.685"}
{"level":"info","message":"Target time reached. Placing market order...","timestamp":"2024-06-13 09:20:00.685"}
{"body":{"account":"spot","amendText":"-","amount":"20","avgDealPrice":"0.6489","createTime":"1718270400","createTimeMs":1718270400844,"currencyPair":"FTM_USDT","fee":"0.03082","feeCurrency":"FTM","fillPrice":"19.999098","filledTotal":"19.999098","finishAs":"filled","gtDiscount":false,"gtFee":"0","gtMakerFee":"0","gtTakerFee":"0","iceberg":"0","id":"608147103355","left":"0.000902","pointFee":"0","price":"0","rebatedFee":"0","rebatedFeeCurrency":"USDT","side":"buy","status":"closed","text":"apiv4","timeInForce":"ioc","type":"market","updateTime":"1718270400","updateTimeMs":1718270400844},"level":"info","message":"Order Result:","response":{"config":{"data":"{\"currency_pair\":\"FTM_USDT\",\"type\":\"market\",\"account\":\"spot\",\"side\":\"buy\",\"amount\":\"20\",\"time_in_force\":\"ioc\"}","headers":{"Accept":"application/json","Content-Length":110,"Content-Type":"application/json","KEY":"51e606d37f1498b14d3c1c1924fbb2fd","SIGN":"9adc94f1044e10b9f261eec814f3222f65a54645ead00b2366af7dad1a683ece4ef92078707473fa4458331790dfe24994af9c31a63d71546370aaea4aad8deb","Timestamp":"1718270400.686","User-Agent":"axios/0.21.4"},"maxBodyLength":-1,"maxContentLength":-1,"method":"post","params":{},"timeout":0,"transformRequest":[null],"transformResponse":[null],"transitional":{"clarifyTimeoutError":false,"forcedJSONParsing":true,"silentJSONParsing":true},"url":"https://api.gateio.ws/api/v4/spot/orders","xsrfCookieName":"XSRF-TOKEN","xsrfHeaderName":"X-XSRF-TOKEN"},"data":{"account":"spot","amend_text":"-","amount":"20","avg_deal_price":"0.6489","create_time":"1718270400","create_time_ms":1718270400844,"currency_pair":"FTM_USDT","fee":"0.03082","fee_currency":"FTM","fill_price":"19.999098","filled_amount":"30.82","filled_total":"19.999098","finish_as":"filled","gt_discount":false,"gt_fee":"0","gt_maker_fee":"0","gt_taker_fee":"0","iceberg":"0","id":"608147103355","left":"0.000902","point_fee":"0","price":"0","rebated_fee":"0","rebated_fee_currency":"USDT","side":"buy","status":"closed","text":"apiv4","time_in_force":"ioc","type":"market","update_time":"1718270400","update_time_ms":1718270400844},"headers":{"access-control-allow-headers":"DNT,Keep-Alive,User-Agent,X-Requested-With,If-Modified-Since,Cache-Control,Content-Type","access-control-allow-methods":"GET,POST,OPTIONS,DELETE,PUT","access-control-max-age":"1728000","connection":"keep-alive","content-length":"635","content-type":"application/json","date":"Thu, 13 Jun 2024 09:20:00 GMT","server":"openresty","vary":"Origin","x-gate-ratelimit-limit":"10","x-gate-ratelimit-requests-remain":"8","x-gate-ratelimit-reset-timestamp":"1718270400","x-in-time":"1718270400834752","x-out-time":"1718270400845670","x-request-id":""},"request":{"_closed":true,"_contentLength":110,"_defaultKeepAlive":true,"_ended":true,"_events":{},"_eventsCount":7,"_hasBody":true,"_header":"POST /api/v4/spot/orders HTTP/1.1\r\nAccept: application/json\r\nContent-Type: application/json\r\nKEY: 51e606d37f1498b14d3c1c1924fbb2fd\r\nTimestamp: 1718270400.686\r\nSIGN: 9adc94f1044e10b9f261eec814f3222f65a54645ead00b2366af7dad1a683ece4ef92078707473fa4458331790dfe24994af9c31a63d71546370aaea4aad8deb\r\nUser-Agent: axios/0.21.4\r\nContent-Length: 110\r\nHost: api.gateio.ws\r\nConnection: keep-alive\r\n\r\n","_headerSent":true,"_keepAliveTimeout":0,"_last":false,"_redirectable":{"_currentRequest":"[Circular]","_currentUrl":"https://api.gateio.ws/api/v4/spot/orders","_ended":true,"_ending":true,"_events":{},"_eventsCount":2,"_options":{"agents":{},"headers":{"Accept":"application/json","Content-Length":110,"Content-Type":"application/json","KEY":"51e606d37f1498b14d3c1c1924fbb2fd","SIGN":"9adc94f1044e10b9f261eec814f3222f65a54645ead00b2366af7dad1a683ece4ef92078707473fa4458331790dfe24994af9c31a63d71546370aaea4aad8deb","Timestamp":"1718270400.686","User-Agent":"axios/0.21.4"},"hostname":"api.gateio.ws","maxBodyLength":10485760,"maxRedirects":21,"method":"POST","nativeProtocols":{"http:":{"METHODS":["ACL","BIND","CHECKOUT","CONNECT","COPY","DELETE","GET","HEAD","LINK","LOCK","M-SEARCH","MERGE","MKACTIVITY","MKCALENDAR","MKCOL","MOVE","NOTIFY","OPTIONS","PATCH","POST","PROPFIND","PROPPATCH","PURGE","PUT","REBIND","REPORT","SEARCH","SOURCE","SUBSCRIBE","TRACE","UNBIND","UNLINK","UNLOCK","UNSUBSCRIBE"],"STATUS_CODES":{"100":"Continue","101":"Switching Protocols","102":"Processing","103":"Early Hints","200":"OK","201":"Created","202":"Accepted","203":"Non-Authoritative Information","204":"No Content","205":"Reset Content","206":"Partial Content","207":"Multi-Status","208":"Already Reported","226":"IM Used","300":"Multiple Choices","301":"Moved Permanently","302":"Found","303":"See Other","304":"Not Modified","305":"Use Proxy","307":"Temporary Redirect","308":"Permanent Redirect","400":"Bad Request","401":"Unauthorized","402":"Payment Required","403":"Forbidden","404":"Not Found","405":"Method Not Allowed","406":"Not Acceptable","407":"Proxy Authentication Required","408":"Request Timeout","409":"Conflict","410":"Gone","411":"Length Required","412":"Precondition Failed","413":"Payload Too Large","414":"URI Too Long","415":"Unsupported Media Type","416":"Range Not Satisfiable","417":"Expectation Failed","418":"I'm a Teapot","421":"Misdirected Request","422":"Unprocessable Entity","423":"Locked","424":"Failed Dependency","425":"Too Early","426":"Upgrade Required","428":"Precondition Required","429":"Too Many Requests","431":"Request Header Fields Too Large","451":"Unavailable For Legal Reasons","500":"Internal Server Error","501":"Not Implemented","502":"Bad Gateway","503":"Service Unavailable","504":"Gateway Timeout","505":"HTTP Version Not Supported","506":"Variant Also Negotiates","507":"Insufficient Storage","508":"Loop Detected","509":"Bandwidth Limit Exceeded","510":"Not Extended","511":"Network Authentication Required"},"globalAgent":{"_events":{},"_eventsCount":2,"defaultPort":80,"freeSockets":{},"keepAlive":true,"keepAliveMsecs":1000,"maxFreeSockets":256,"maxSockets":null,"maxTotalSockets":null,"options":{"keepAlive":true,"noDelay":true,"path":null,"scheduling":"lifo","timeout":5000},"protocol":"http:","requests":{},"scheduling":"lifo","sockets":{},"totalSocketCount":0},"maxHeaderSize":16384},"https:":{"globalAgent":{"_events":{},"_eventsCount":2,"_sessionCache":{"list":[],"map":{}},"defaultPort":443,"freeSockets":{"api.gateio.ws:443:::::::::::::::::::::":[{"_SNICallback":null,"_closeAfterHandlingError":false,"_controlReleased":true,"_events":{"close":[null,null,null],"newListener":[null,null]},"_eventsCount":9,"_hadError":false,"_host":"api.gateio.ws","_httpMessage":null,"_newSessionPending":false,"_parent":null,"_pendingData":null,"_pendingEncoding":"","_readableState":{"awaitDrainWriters":null,"buffer":[],"bufferIndex":0,"highWaterMark":16384,"length":0,"pipes":[]},"_rejectUnauthorized":true,"_requestCert":true,"_secureEstablished":true,"_securePending":false,"_server":null,"_sockname":null,"_tlsOptions":{"isServer":false,"pipe":false,"rejectUnauthorized":true,"requestCert":true,"secureContext":{"context":{}}},"_writableState":{"bufferedIndex":0,"corked":0,"highWaterMark":16384,"length":0,"pendingcb":0,"writelen":0},"allowHalfOpen":false,"alpnProtocol":false,"authorizationError":null,"authorized":true,"autoSelectFamilyAttemptedAddresses":["13.115.208.24:443","18.176.102.193:443","35.79.2.209:443","52.196.154.63:443","13.115.46.49:443","54.64.131.191:443","43.207.6.254:443","57.181.23.249:443"],"connecting":false,"encrypted":true,"handle":{"_parent":{"onconnection":null,"reading":true},"_parentWrap":null,"_secureContext":{"context":{}},"reading":true},"parser":null,"secureConnecting":false,"servername":"api.gateio.ws","ssl":null,"timeout":5000}]},"keepAlive":true,"keepAliveMsecs":1000,"maxCachedSessions":100,"maxFreeSockets":256,"maxSockets":null,"maxTotalSockets":null,"options":{"keepAlive":true,"noDelay":true,"path":null,"scheduling":"lifo","timeout":5000},"protocol":"https:","requests":{},"scheduling":"lifo","sockets":{},"totalSocketCount":1}}},"path":"/api/v4/spot/orders","pathname":"/api/v4/spot/orders","port":null,"protocol":"https:"},"_redirectCount":0,"_redirects":[],"_requestBodyBuffers":[],"_requestBodyLength":110,"_writableState":{"bufferedIndex":0,"corked":0,"highWaterMark":16384,"length":0,"pendingcb":0,"writelen":0}},"_removedConnection":false,"_removedContLen":false,"_removedTE":false,"_trailer":"","aborted":false,"agent":{"_events":{},"_eventsCount":2,"_sessionCache":{"list":[],"map":{}},"defaultPort":443,"freeSockets":{"api.gateio.ws:443:::::::::::::::::::::":[{"_SNICallback":null,"_closeAfterHandlingError":false,"_controlReleased":true,"_events":{"close":[null,null,null],"newListener":[null,null]},"_eventsCount":9,"_hadError":false,"_host":"api.gateio.ws","_httpMessage":null,"_newSessionPending":false,"_parent":null,"_pendingData":null,"_pendingEncoding":"","_readableState":{"awaitDrainWriters":null,"buffer":[],"bufferIndex":0,"highWaterMark":16384,"length":0,"pipes":[]},"_rejectUnauthorized":true,"_requestCert":true,"_secureEstablished":true,"_securePending":false,"_server":null,"_sockname":null,"_tlsOptions":{"isServer":false,"pipe":false,"rejectUnauthorized":true,"requestCert":true,"secureContext":{"context":{}}},"_writableState":{"bufferedIndex":0,"corked":0,"highWaterMark":16384,"length":0,"pendingcb":0,"writelen":0},"allowHalfOpen":false,"alpnProtocol":false,"authorizationError":null,"authorized":true,"autoSelectFamilyAttemptedAddresses":["13.115.208.24:443","18.176.102.193:443","35.79.2.209:443","52.196.154.63:443","13.115.46.49:443","54.64.131.191:443","43.207.6.254:443","57.181.23.249:443"],"connecting":false,"encrypted":true,"handle":{"_parent":{"onconnection":null,"reading":true},"_parentWrap":null,"_secureContext":{"context":{}},"reading":true},"parser":null,"secureConnecting":false,"servername":"api.gateio.ws","ssl":null,"timeout":5000}]},"keepAlive":true,"keepAliveMsecs":1000,"maxCachedSessions":100,"maxFreeSockets":256,"maxSockets":null,"maxTotalSockets":null,"options":{"keepAlive":true,"noDelay":true,"path":null,"scheduling":"lifo","timeout":5000},"protocol":"https:","requests":{},"scheduling":"lifo","sockets":{},"totalSocketCount":1},"chunkedEncoding":false,"destroyed":true,"finished":true,"host":"api.gateio.ws","maxHeadersCount":null,"maxRequestsOnConnectionReached":false,"method":"POST","outputData":[],"outputSize":0,"parser":null,"path":"/api/v4/spot/orders","protocol":"https:","res":{"_consuming":false,"_dumped":false,"_events":{"end":[null,null]},"_eventsCount":3,"_readableState":{"awaitDrainWriters":null,"buffer":[],"bufferIndex":0,"highWaterMark":16384,"length":0,"pipes":[]},"aborted":false,"client":{"_SNICallback":null,"_closeAfterHandlingError":false,"_controlReleased":true,"_events":{"close":[null,null,null],"newListener":[null,null]},"_eventsCount":9,"_hadError":false,"_host":"api.gateio.ws","_httpMessage":null,"_newSessionPending":false,"_parent":null,"_pendingData":null,"_pendingEncoding":"","_readableState":{"awaitDrainWriters":null,"buffer":[],"bufferIndex":0,"highWaterMark":16384,"length":0,"pipes":[]},"_rejectUnauthorized":true,"_requestCert":true,"_secureEstablished":true,"_securePending":false,"_server":null,"_sockname":null,"_tlsOptions":{"isServer":false,"pipe":false,"rejectUnauthorized":true,"requestCert":true,"secureContext":{"context":{}}},"_writableState":{"bufferedIndex":0,"corked":0,"highWaterMark":16384,"length":0,"pendingcb":0,"writelen":0},"allowHalfOpen":false,"alpnProtocol":false,"authorizationError":null,"authorized":true,"autoSelectFamilyAttemptedAddresses":["13.115.208.24:443","18.176.102.193:443","35.79.2.209:443","52.196.154.63:443","13.115.46.49:443","54.64.131.191:443","43.207.6.254:443","57.181.23.249:443"],"connecting":false,"encrypted":true,"handle":{"_parent":{"onconnection":null,"reading":true},"_parentWrap":null,"_secureContext":{"context":{}},"reading":true},"parser":null,"secureConnecting":false,"servername":"api.gateio.ws","ssl":null,"timeout":5000},"complete":true,"httpVersion":"1.1","httpVersionMajor":1,"httpVersionMinor":1,"method":null,"rawHeaders":["Date","Thu, 13 Jun 2024 09:20:00 GMT","Content-Type","application/json","Content-Length","635","Connection","keep-alive","Server","openresty","X-Request-Id","","X-Gate-RateLimit-Requests-Remain","8","X-Gate-RateLimit-Limit","10","X-Gate-RateLimit-Reset-Timestamp","1718270400","X-Out-Time","1718270400845670","X-In-Time","1718270400834752","Access-Control-Allow-Methods","GET,POST,OPTIONS,DELETE,PUT","Access-Control-Allow-Headers","DNT,Keep-Alive,User-Agent,X-Requested-With,If-Modified-Since,Cache-Control,Content-Type","Access-Control-Max-Age","1728000","Vary","Origin"],"rawTrailers":[],"redirects":[],"req":"[Circular]","responseUrl":"https://api.gateio.ws/api/v4/spot/orders","socket":null,"statusCode":201,"statusMessage":"Created","upgrade":false,"url":""},"reusedSocket":true,"sendDate":false,"shouldKeepAlive":true,"socket":{"_SNICallback":null,"_closeAfterHandlingError":false,"_controlReleased":true,"_events":{"close":[null,null,null],"newListener":[null,null]},"_eventsCount":9,"_hadError":false,"_host":"api.gateio.ws","_httpMessage":null,"_newSessionPending":false,"_parent":null,"_pendingData":null,"_pendingEncoding":"","_readableState":{"awaitDrainWriters":null,"buffer":[],"bufferIndex":0,"highWaterMark":16384,"length":0,"pipes":[]},"_rejectUnauthorized":true,"_requestCert":true,"_secureEstablished":true,"_securePending":false,"_server":null,"_sockname":null,"_tlsOptions":{"isServer":false,"pipe":false,"rejectUnauthorized":true,"requestCert":true,"secureContext":{"context":{}}},"_writableState":{"bufferedIndex":0,"corked":0,"highWaterMark":16384,"length":0,"pendingcb":0,"writelen":0},"allowHalfOpen":false,"alpnProtocol":false,"authorizationError":null,"authorized":true,"autoSelectFamilyAttemptedAddresses":["13.115.208.24:443","18.176.102.193:443","35.79.2.209:443","52.196.154.63:443","13.115.46.49:443","54.64.131.191:443","43.207.6.254:443","57.181.23.249:443"],"connecting":false,"encrypted":true,"handle":{"_parent":{"onconnection":null,"reading":true},"_parentWrap":null,"_secureContext":{"context":{}},"reading":true},"parser":null,"secureConnecting":false,"servername":"api.gateio.ws","ssl":null,"timeout":5000},"strictContentLength":false,"timeoutCb":null,"upgradeOrConnect":false,"useChunkedEncodingByDefault":true,"writable":true},"status":201,"statusText":"Created"},"timestamp":"2024-06-13 09:20:00.992"}
{"level":"info","message":"Waiting for selling","timestamp":"2024-06-13 09:20:01.019"}
{"config":{"data":"{\"currency_pair\":\"FTM_USDT\",\"type\":\"market\",\"account\":\"spot\",\"side\":\"sell\",\"amount\":\"0.00114\",\"time_in_force\":\"ioc\"}","headers":{"Accept":"application/json","Content-Length":116,"Content-Type":"application/json","KEY":"51e606d37f1498b14d3c1c1924fbb2fd","SIGN":"90edd4b06d9656c508db4c2e4efddffe48e73d1f2a110f4ed7e85e9a88bacbf9eafaa42c70d0907869700dd61791edb97b9244f5c3855383e0bd9403a3406f65","Timestamp":"1718270403.332","User-Agent":"axios/0.21.4"},"maxBodyLength":-1,"maxContentLength":-1,"method":"post","params":{},"timeout":0,"transformRequest":[null],"transformResponse":[null],"transitional":{"clarifyTimeoutError":false,"forcedJSONParsing":true,"silentJSONParsing":true},"url":"https://api.gateio.ws/api/v4/spot/orders","xsrfCookieName":"XSRF-TOKEN","xsrfHeaderName":"X-XSRF-TOKEN"},"message":"Error creating order: Request failed with status code 400","stack":"Error: Request failed with status code 400\n    at createError (C:\\Users\\damir\\OneDrive\\Рабочий стол\\Bot 2\\node_modules\\gate-api\\node_modules\\axios\\lib\\core\\createError.js:16:15)\n    at settle (C:\\Users\\damir\\OneDrive\\Рабочий стол\\Bot 2\\node_modules\\gate-api\\node_modules\\axios\\lib\\core\\settle.js:17:12)\n    at IncomingMessage.handleStreamEnd (C:\\Users\\damir\\OneDrive\\Рабочий стол\\Bot 2\\node_modules\\gate-api\\node_modules\\axios\\lib\\adapters\\http.js:269:11)\n    at IncomingMessage.emit (node:events:530:35)\n    at endReadableNT (node:internal/streams/readable:1696:12)\n    at process.processTicksAndRejections (node:internal/process/task_queues:82:21)"}
{"level":"info","message":"Current server time: 2024-06-13 09:58:22.501","timestamp":"2024-06-13 09:58:22.689"}
{"level":"info","message":"Current server time: 2024-06-13 09:58:22.902","timestamp":"2024-06-13 09:58:23.090"}
{"level":"info","message":"Current server time: 2024-06-13 09:58:23.287","timestamp":"2024-06-13 09:58:24.256"}
{"level":"info","message":"Current server time: 2024-06-13 09:58:24.465","timestamp":"2024-06-13 09:58:24.633"}
{"level":"info","message":"Current server time: 2024-06-13 09:58:24.841","timestamp":"2024-06-13 09:58:25.009"}
{"level":"info","message":"Current server time: 2024-06-13 09:58:25.209","timestamp":"2024-06-13 09:58:26.079"}
{"level":"info","message":"Current server time: 2024-06-13 09:58:26.315","timestamp":"2024-06-13 09:58:26.483"}
{"level":"info","message":"Current server time: 2024-06-13 09:58:26.699","timestamp":"2024-06-13 09:58:26.867"}
{"level":"info","message":"Current server time: 2024-06-13 09:58:27.071","timestamp":"2024-06-13 09:58:27.239"}
{"level":"info","message":"Current server time: 2024-06-13 09:58:27.442","timestamp":"2024-06-13 09:58:27.611"}
{"level":"info","message":"Current server time: 2024-06-13 09:58:27.849","timestamp":"2024-06-13 09:58:28.641"}
{"level":"info","message":"Current server time: 2024-06-13 09:58:28.838","timestamp":"2024-06-13 09:58:29.645"}
{"level":"info","message":"Current server time: 2024-06-13 09:58:29.850","timestamp":"2024-06-13 09:58:30.019"}
{"level":"info","message":"Current server time: 2024-06-13 09:58:30.246","timestamp":"2024-06-13 09:58:30.412"}
{"level":"info","message":"Current server time: 2024-06-13 09:58:30.598","timestamp":"2024-06-13 09:58:30.776"}
{"level":"info","message":"Current server time: 2024-06-13 09:58:30.984","timestamp":"2024-06-13 09:58:31.151"}
{"level":"info","message":"Current server time: 2024-06-13 09:58:31.358","timestamp":"2024-06-13 09:58:31.524"}
{"level":"info","message":"Current server time: 2024-06-13 09:58:31.777","timestamp":"2024-06-13 09:58:31.950"}
{"level":"info","message":"Current server time: 2024-06-13 09:58:32.182","timestamp":"2024-06-13 09:58:32.348"}
{"level":"info","message":"Current server time: 2024-06-13 09:58:32.562","timestamp":"2024-06-13 09:58:32.734"}
{"level":"info","message":"Current server time: 2024-06-13 09:58:32.942","timestamp":"2024-06-13 09:58:33.112"}
{"level":"info","message":"Current server time: 2024-06-13 09:58:33.311","timestamp":"2024-06-13 09:58:33.478"}
{"level":"info","message":"Current server time: 2024-06-13 09:58:33.699","timestamp":"2024-06-13 09:58:33.866"}
{"level":"info","message":"Current server time: 2024-06-13 09:58:34.098","timestamp":"2024-06-13 09:58:34.263"}
{"level":"info","message":"Current server time: 2024-06-13 09:58:34.459","timestamp":"2024-06-13 09:58:34.626"}
{"level":"info","message":"Current server time: 2024-06-13 09:58:34.832","timestamp":"2024-06-13 09:58:34.999"}
{"level":"info","message":"Current server time: 2024-06-13 09:58:35.191","timestamp":"2024-06-13 09:58:35.936"}
{"level":"info","message":"Current server time: 2024-06-13 09:58:36.140","timestamp":"2024-06-13 09:58:36.307"}
{"level":"info","message":"Current server time: 2024-06-13 09:58:36.509","timestamp":"2024-06-13 09:58:36.675"}
{"level":"info","message":"Current server time: 2024-06-13 09:58:36.885","timestamp":"2024-06-13 09:58:37.638"}
{"level":"info","message":"Current server time: 2024-06-13 09:58:37.842","timestamp":"2024-06-13 09:58:38.008"}
{"level":"info","message":"Current server time: 2024-06-13 09:58:38.202","timestamp":"2024-06-13 09:58:38.385"}
{"level":"info","message":"Current server time: 2024-06-13 09:58:38.585","timestamp":"2024-06-13 09:58:38.758"}
{"level":"info","message":"Current server time: 2024-06-13 09:58:38.979","timestamp":"2024-06-13 09:58:39.148"}
{"level":"info","message":"Current server time: 2024-06-13 09:58:39.358","timestamp":"2024-06-13 09:58:39.526"}
{"level":"info","message":"Current server time: 2024-06-13 09:58:39.719","timestamp":"2024-06-13 09:58:39.897"}
{"level":"info","message":"Current server time: 2024-06-13 09:58:40.090","timestamp":"2024-06-13 09:58:40.268"}
{"level":"info","message":"Current server time: 2024-06-13 09:58:40.508","timestamp":"2024-06-13 09:58:40.674"}
{"level":"info","message":"Current server time: 2024-06-13 09:58:40.878","timestamp":"2024-06-13 09:58:41.045"}
{"level":"info","message":"Current server time: 2024-06-13 09:58:41.249","timestamp":"2024-06-13 09:58:41.417"}
{"level":"info","message":"Current server time: 2024-06-13 09:58:41.622","timestamp":"2024-06-13 09:58:41.795"}
{"level":"info","message":"Current server time: 2024-06-13 09:58:41.994","timestamp":"2024-06-13 09:58:42.160"}
{"level":"info","message":"Current server time: 2024-06-13 09:58:42.366","timestamp":"2024-06-13 09:58:42.531"}
{"level":"info","message":"Current server time: 2024-06-13 09:58:42.740","timestamp":"2024-06-13 09:58:42.920"}
{"level":"info","message":"Current server time: 2024-06-13 09:58:43.127","timestamp":"2024-06-13 09:58:43.292"}
{"level":"info","message":"Current server time: 2024-06-13 09:58:43.501","timestamp":"2024-06-13 09:58:43.667"}
{"level":"info","message":"Current server time: 2024-06-13 09:58:43.901","timestamp":"2024-06-13 09:58:44.067"}
{"level":"info","message":"Current server time: 2024-06-13 09:58:44.265","timestamp":"2024-06-13 09:58:44.432"}
{"level":"info","message":"Current server time: 2024-06-13 09:58:44.643","timestamp":"2024-06-13 09:58:44.816"}
{"level":"info","message":"Current server time: 2024-06-13 09:58:45.025","timestamp":"2024-06-13 09:58:45.193"}
{"level":"info","message":"Current server time: 2024-06-13 09:58:45.397","timestamp":"2024-06-13 09:58:45.568"}
{"level":"info","message":"Current server time: 2024-06-13 09:58:45.771","timestamp":"2024-06-13 09:58:45.939"}
{"level":"info","message":"Current server time: 2024-06-13 09:58:46.143","timestamp":"2024-06-13 09:58:46.310"}
{"level":"info","message":"Current server time: 2024-06-13 09:58:46.509","timestamp":"2024-06-13 09:58:47.262"}
{"level":"info","message":"Current server time: 2024-06-13 09:58:47.922","timestamp":"2024-06-13 09:58:48.091"}
{"level":"info","message":"Current server time: 2024-06-13 09:58:48.299","timestamp":"2024-06-13 09:58:48.468"}
{"level":"info","message":"Current server time: 2024-06-13 09:58:48.672","timestamp":"2024-06-13 09:58:49.431"}
{"level":"info","message":"Current server time: 2024-06-13 09:58:49.654","timestamp":"2024-06-13 09:58:49.821"}
{"level":"info","message":"Current server time: 2024-06-13 09:58:50.023","timestamp":"2024-06-13 09:58:50.189"}
{"level":"info","message":"Current server time: 2024-06-13 09:58:50.387","timestamp":"2024-06-13 09:58:50.571"}
{"level":"info","message":"Current server time: 2024-06-13 09:58:50.775","timestamp":"2024-06-13 09:58:50.942"}
{"level":"info","message":"Current server time: 2024-06-13 09:58:51.144","timestamp":"2024-06-13 09:58:51.313"}
{"level":"info","message":"Current server time: 2024-06-13 09:58:51.517","timestamp":"2024-06-13 09:58:51.686"}
{"level":"info","message":"Current server time: 2024-06-13 09:58:51.896","timestamp":"2024-06-13 09:58:52.067"}
{"level":"info","message":"Current server time: 2024-06-13 09:58:52.274","timestamp":"2024-06-13 09:58:52.443"}
{"level":"info","message":"Current server time: 2024-06-13 09:58:52.647","timestamp":"2024-06-13 09:58:52.814"}
{"level":"info","message":"Current server time: 2024-06-13 09:58:53.018","timestamp":"2024-06-13 09:58:53.184"}
{"level":"info","message":"Current server time: 2024-06-13 09:58:53.390","timestamp":"2024-06-13 09:58:53.557"}
{"level":"info","message":"Current server time: 2024-06-13 09:58:53.762","timestamp":"2024-06-13 09:58:53.928"}
{"level":"info","message":"Current server time: 2024-06-13 09:58:54.127","timestamp":"2024-06-13 09:58:54.293"}
{"level":"info","message":"Current server time: 2024-06-13 09:58:54.525","timestamp":"2024-06-13 09:58:54.692"}
{"level":"info","message":"Current server time: 2024-06-13 09:58:54.898","timestamp":"2024-06-13 09:58:55.064"}
{"level":"info","message":"Current server time: 2024-06-13 09:58:55.297","timestamp":"2024-06-13 09:58:56.033"}
{"level":"info","message":"Current server time: 2024-06-13 09:58:56.239","timestamp":"2024-06-13 09:58:56.407"}
{"level":"info","message":"Current server time: 2024-06-13 09:58:56.609","timestamp":"2024-06-13 09:58:56.778"}
{"level":"info","message":"Current server time: 2024-06-13 09:58:56.979","timestamp":"2024-06-13 09:58:57.144"}
{"level":"info","message":"Current server time: 2024-06-13 09:58:57.348","timestamp":"2024-06-13 09:58:57.515"}
{"level":"info","message":"Current server time: 2024-06-13 09:58:57.719","timestamp":"2024-06-13 09:58:57.886"}
{"level":"info","message":"Current server time: 2024-06-13 09:58:58.087","timestamp":"2024-06-13 09:58:58.255"}
{"level":"info","message":"Current server time: 2024-06-13 09:58:58.461","timestamp":"2024-06-13 09:58:58.628"}
{"level":"info","message":"Current server time: 2024-06-13 09:58:58.834","timestamp":"2024-06-13 09:58:59.003"}
{"level":"info","message":"Current server time: 2024-06-13 09:58:59.196","timestamp":"2024-06-13 09:58:59.378"}
{"level":"info","message":"Current server time: 2024-06-13 09:58:59.584","timestamp":"2024-06-13 09:58:59.751"}
{"level":"info","message":"Current server time: 2024-06-13 09:58:59.956","timestamp":"2024-06-13 09:59:00.124"}
{"level":"info","message":"Current server time: 2024-06-13 09:59:00.327","timestamp":"2024-06-13 09:59:00.495"}
{"level":"info","message":"Current server time: 2024-06-13 09:59:00.700","timestamp":"2024-06-13 09:59:00.867"}
{"level":"info","message":"Current server time: 2024-06-13 09:59:01.072","timestamp":"2024-06-13 09:59:01.239"}
{"level":"info","message":"Current server time: 2024-06-13 09:59:01.445","timestamp":"2024-06-13 09:59:01.616"}
{"level":"info","message":"Current server time: 2024-06-13 09:59:01.835","timestamp":"2024-06-13 09:59:02.005"}
{"level":"info","message":"Current server time: 2024-06-13 09:59:02.244","timestamp":"2024-06-13 09:59:02.414"}
{"level":"info","message":"Current server time: 2024-06-13 09:59:02.647","timestamp":"2024-06-13 09:59:02.816"}
{"level":"info","message":"Current server time: 2024-06-13 09:59:03.049","timestamp":"2024-06-13 09:59:03.808"}
{"level":"info","message":"Current server time: 2024-06-13 09:59:04.012","timestamp":"2024-06-13 09:59:04.180"}
{"level":"info","message":"Current server time: 2024-06-13 09:59:04.377","timestamp":"2024-06-13 09:59:04.544"}
{"level":"info","message":"Current server time: 2024-06-13 09:59:04.773","timestamp":"2024-06-13 09:59:04.940"}
{"level":"info","message":"Current server time: 2024-06-13 09:59:05.179","timestamp":"2024-06-13 09:59:05.358"}
{"level":"info","message":"Current server time: 2024-06-13 09:59:05.569","timestamp":"2024-06-13 09:59:05.737"}
{"level":"info","message":"Current server time: 2024-06-13 09:59:05.957","timestamp":"2024-06-13 09:59:06.127"}
{"level":"info","message":"Current server time: 2024-06-13 09:59:06.357","timestamp":"2024-06-13 09:59:06.524"}
{"level":"info","message":"Current server time: 2024-06-13 09:59:06.729","timestamp":"2024-06-13 09:59:07.488"}
{"level":"info","message":"Current server time: 2024-06-13 09:59:07.699","timestamp":"2024-06-13 09:59:07.867"}
{"level":"info","message":"Current server time: 2024-06-13 09:59:08.070","timestamp":"2024-06-13 09:59:08.238"}
{"level":"info","message":"Current server time: 2024-06-13 09:59:08.460","timestamp":"2024-06-13 09:59:08.629"}
{"level":"info","message":"Current server time: 2024-06-13 09:59:08.833","timestamp":"2024-06-13 09:59:09.000"}
{"level":"info","message":"Current server time: 2024-06-13 09:59:09.199","timestamp":"2024-06-13 09:59:09.384"}
{"level":"info","message":"Current server time: 2024-06-13 09:59:09.585","timestamp":"2024-06-13 09:59:09.764"}
{"level":"info","message":"Current server time: 2024-06-13 09:59:09.973","timestamp":"2024-06-13 09:59:10.140"}
{"level":"info","message":"Current server time: 2024-06-13 09:59:10.356","timestamp":"2024-06-13 09:59:10.526"}
{"level":"info","message":"Current server time: 2024-06-13 09:59:10.714","timestamp":"2024-06-13 09:59:10.895"}
{"level":"info","message":"Current server time: 2024-06-13 09:59:11.101","timestamp":"2024-06-13 09:59:11.268"}
{"level":"info","message":"Current server time: 2024-06-13 09:59:11.473","timestamp":"2024-06-13 09:59:11.640"}
{"level":"info","message":"Current server time: 2024-06-13 09:59:11.849","timestamp":"2024-06-13 09:59:12.017"}
{"level":"info","message":"Current server time: 2024-06-13 09:59:12.213","timestamp":"2024-06-13 09:59:12.397"}
{"level":"info","message":"Current server time: 2024-06-13 09:59:12.602","timestamp":"2024-06-13 09:59:12.781"}
{"level":"info","message":"Current server time: 2024-06-13 09:59:12.996","timestamp":"2024-06-13 09:59:13.162"}
{"level":"info","message":"Current server time: 2024-06-13 09:59:13.369","timestamp":"2024-06-13 09:59:13.541"}
{"level":"info","message":"Current server time: 2024-06-13 09:59:13.749","timestamp":"2024-06-13 09:59:13.918"}
{"level":"info","message":"Current server time: 2024-06-13 09:59:14.118","timestamp":"2024-06-13 09:59:14.286"}
{"level":"info","message":"Current server time: 2024-06-13 09:59:14.490","timestamp":"2024-06-13 09:59:14.658"}
{"level":"info","message":"Current server time: 2024-06-13 09:59:14.864","timestamp":"2024-06-13 09:59:15.033"}
{"level":"info","message":"Current server time: 2024-06-13 09:59:15.237","timestamp":"2024-06-13 09:59:15.408"}
{"level":"info","message":"Current server time: 2024-06-13 09:59:15.597","timestamp":"2024-06-13 09:59:15.776"}
{"level":"info","message":"Current server time: 2024-06-13 09:59:15.985","timestamp":"2024-06-13 09:59:16.154"}
{"level":"info","message":"Current server time: 2024-06-13 09:59:16.407","timestamp":"2024-06-13 09:59:16.572"}
{"level":"info","message":"Current server time: 2024-06-13 09:59:16.780","timestamp":"2024-06-13 09:59:16.960"}
{"level":"info","message":"Current server time: 2024-06-13 09:59:17.206","timestamp":"2024-06-13 09:59:17.372"}
{"level":"info","message":"Current server time: 2024-06-13 09:59:17.571","timestamp":"2024-06-13 09:59:18.341"}
{"level":"info","message":"Current server time: 2024-06-13 09:59:18.547","timestamp":"2024-06-13 09:59:19.309"}
{"level":"info","message":"Current server time: 2024-06-13 09:59:19.519","timestamp":"2024-06-13 09:59:19.688"}
{"level":"info","message":"Current server time: 2024-06-13 09:59:19.893","timestamp":"2024-06-13 09:59:20.644"}
{"level":"info","message":"Current server time: 2024-06-13 09:59:20.870","timestamp":"2024-06-13 09:59:21.039"}
{"level":"info","message":"Current server time: 2024-06-13 09:59:21.241","timestamp":"2024-06-13 09:59:21.411"}
{"level":"info","message":"Current server time: 2024-06-13 09:59:21.603","timestamp":"2024-06-13 09:59:21.781"}
{"level":"info","message":"Current server time: 2024-06-13 09:59:21.984","timestamp":"2024-06-13 09:59:22.151"}
{"level":"info","message":"Current server time: 2024-06-13 09:59:22.354","timestamp":"2024-06-13 09:59:22.522"}
{"level":"info","message":"Current server time: 2024-06-13 09:59:22.725","timestamp":"2024-06-13 09:59:22.892"}
{"level":"info","message":"Current server time: 2024-06-13 09:59:23.112","timestamp":"2024-06-13 09:59:23.279"}
{"level":"info","message":"Current server time: 2024-06-13 09:59:23.487","timestamp":"2024-06-13 09:59:23.654"}
{"level":"info","message":"Current server time: 2024-06-13 09:59:23.860","timestamp":"2024-06-13 09:59:24.029"}
{"level":"info","message":"Current server time: 2024-06-13 09:59:24.229","timestamp":"2024-06-13 09:59:24.393"}
{"level":"info","message":"Current server time: 2024-06-13 09:59:24.620","timestamp":"2024-06-13 09:59:24.786"}
{"level":"info","message":"Current server time: 2024-06-13 09:59:24.989","timestamp":"2024-06-13 09:59:25.737"}
{"level":"info","message":"Current server time: 2024-06-13 09:59:25.987","timestamp":"2024-06-13 09:59:26.157"}
{"level":"info","message":"Current server time: 2024-06-13 09:59:26.352","timestamp":"2024-06-13 09:59:27.680"}
{"level":"info","message":"Current server time: 2024-06-13 09:59:27.922","timestamp":"2024-06-13 09:59:28.088"}
{"level":"info","message":"Current server time: 2024-06-13 09:59:28.288","timestamp":"2024-06-13 09:59:28.456"}
{"level":"info","message":"Current server time: 2024-06-13 09:59:28.662","timestamp":"2024-06-13 09:59:28.828"}
{"level":"info","message":"Current server time: 2024-06-13 09:59:29.023","timestamp":"2024-06-13 09:59:29.201"}
{"level":"info","message":"Current server time: 2024-06-13 09:59:29.405","timestamp":"2024-06-13 09:59:29.575"}
{"level":"info","message":"Current server time: 2024-06-13 09:59:29.776","timestamp":"2024-06-13 09:59:29.945"}
{"level":"info","message":"Current server time: 2024-06-13 09:59:30.147","timestamp":"2024-06-13 09:59:30.884"}
{"level":"info","message":"Current server time: 2024-06-13 09:59:31.099","timestamp":"2024-06-13 09:59:31.265"}
{"level":"info","message":"Current server time: 2024-06-13 09:59:31.463","timestamp":"2024-06-13 09:59:32.191"}
{"level":"info","message":"Current server time: 2024-06-13 09:59:32.403","timestamp":"2024-06-13 09:59:32.570"}
{"level":"info","message":"Current server time: 2024-06-13 09:59:32.768","timestamp":"2024-06-13 09:59:32.946"}
{"level":"info","message":"Current server time: 2024-06-13 09:59:33.162","timestamp":"2024-06-13 09:59:33.329"}
{"level":"info","message":"Current server time: 2024-06-13 09:59:33.523","timestamp":"2024-06-13 09:59:33.690"}
{"level":"info","message":"Current server time: 2024-06-13 09:59:33.895","timestamp":"2024-06-13 09:59:34.625"}
{"level":"info","message":"Current server time: 2024-06-13 09:59:34.813","timestamp":"2024-06-13 09:59:34.991"}
{"level":"info","message":"Current server time: 2024-06-13 09:59:35.200","timestamp":"2024-06-13 09:59:35.366"}
{"level":"info","message":"Current server time: 2024-06-13 09:59:35.574","timestamp":"2024-06-13 09:59:35.741"}
{"level":"info","message":"Current server time: 2024-06-13 09:59:35.944","timestamp":"2024-06-13 09:59:36.111"}
{"level":"info","message":"Current server time: 2024-06-13 09:59:36.315","timestamp":"2024-06-13 09:59:36.483"}
{"level":"info","message":"Current server time: 2024-06-13 09:59:36.676","timestamp":"2024-06-13 09:59:36.856"}
{"level":"info","message":"Current server time: 2024-06-13 09:59:37.063","timestamp":"2024-06-13 09:59:37.230"}
{"level":"info","message":"Current server time: 2024-06-13 09:59:37.436","timestamp":"2024-06-13 09:59:37.607"}
{"level":"info","message":"Current server time: 2024-06-13 09:59:37.811","timestamp":"2024-06-13 09:59:37.977"}
{"level":"info","message":"Current server time: 2024-06-13 09:59:38.209","timestamp":"2024-06-13 09:59:38.402"}
{"level":"info","message":"Current server time: 2024-06-13 09:59:38.591","timestamp":"2024-06-13 09:59:38.769"}
{"level":"info","message":"Current server time: 2024-06-13 09:59:38.974","timestamp":"2024-06-13 09:59:39.140"}
{"level":"info","message":"Current server time: 2024-06-13 09:59:39.349","timestamp":"2024-06-13 09:59:39.516"}
{"level":"info","message":"Current server time: 2024-06-13 09:59:39.755","timestamp":"2024-06-13 09:59:39.922"}
{"level":"info","message":"Current server time: 2024-06-13 09:59:40.122","timestamp":"2024-06-13 09:59:40.288"}
{"level":"info","message":"Current server time: 2024-06-13 09:59:40.524","timestamp":"2024-06-13 09:59:41.253"}
{"level":"info","message":"Current server time: 2024-06-13 09:59:41.456","timestamp":"2024-06-13 09:59:41.624"}
{"level":"info","message":"Current server time: 2024-06-13 09:59:41.828","timestamp":"2024-06-13 09:59:41.999"}
{"level":"info","message":"Current server time: 2024-06-13 09:59:42.206","timestamp":"2024-06-13 09:59:42.397"}
{"level":"info","message":"Current server time: 2024-06-13 09:59:42.601","timestamp":"2024-06-13 09:59:42.767"}
{"level":"info","message":"Current server time: 2024-06-13 09:59:42.976","timestamp":"2024-06-13 09:59:43.142"}
{"level":"info","message":"Current server time: 2024-06-13 09:59:43.363","timestamp":"2024-06-13 09:59:43.551"}
{"level":"info","message":"Current server time: 2024-06-13 09:59:43.783","timestamp":"2024-06-13 09:59:44.512"}
{"level":"info","message":"Current server time: 2024-06-13 09:59:44.698","timestamp":"2024-06-13 09:59:44.877"}
{"level":"info","message":"Current server time: 2024-06-13 09:59:45.080","timestamp":"2024-06-13 09:59:45.247"}
{"level":"info","message":"Current server time: 2024-06-13 09:59:45.451","timestamp":"2024-06-13 09:59:45.620"}
{"level":"info","message":"Current server time: 2024-06-13 09:59:45.823","timestamp":"2024-06-13 09:59:45.990"}
{"level":"info","message":"Current server time: 2024-06-13 09:59:46.199","timestamp":"2024-06-13 09:59:46.366"}
{"level":"info","message":"Current server time: 2024-06-13 09:59:46.575","timestamp":"2024-06-13 09:59:46.742"}
{"level":"info","message":"Current server time: 2024-06-13 09:59:46.941","timestamp":"2024-06-13 09:59:47.109"}
{"level":"info","message":"Current server time: 2024-06-13 09:59:47.319","timestamp":"2024-06-13 09:59:48.063"}
{"level":"info","message":"Current server time: 2024-06-13 09:59:48.250","timestamp":"2024-06-13 09:59:48.428"}
{"level":"info","message":"Current server time: 2024-06-13 09:59:48.660","timestamp":"2024-06-13 09:59:48.827"}
{"level":"info","message":"Current server time: 2024-06-13 09:59:49.037","timestamp":"2024-06-13 09:59:49.203"}
{"level":"info","message":"Current server time: 2024-06-13 09:59:49.397","timestamp":"2024-06-13 09:59:49.659"}
{"level":"info","message":"Current server time: 2024-06-13 09:59:49.859","timestamp":"2024-06-13 09:59:50.026"}
{"level":"info","message":"Current server time: 2024-06-13 09:59:50.231","timestamp":"2024-06-13 09:59:50.397"}
{"level":"info","message":"Current server time: 2024-06-13 09:59:50.604","timestamp":"2024-06-13 09:59:50.771"}
{"level":"info","message":"Current server time: 2024-06-13 09:59:50.976","timestamp":"2024-06-13 09:59:51.144"}
{"level":"info","message":"Current server time: 2024-06-13 09:59:51.350","timestamp":"2024-06-13 09:59:51.518"}
{"level":"info","message":"Current server time: 2024-06-13 09:59:51.717","timestamp":"2024-06-13 09:59:51.883"}
{"level":"info","message":"Current server time: 2024-06-13 09:59:52.089","timestamp":"2024-06-13 09:59:52.256"}
{"level":"info","message":"Current server time: 2024-06-13 09:59:52.462","timestamp":"2024-06-13 09:59:52.629"}
{"level":"info","message":"Current server time: 2024-06-13 09:59:52.823","timestamp":"2024-06-13 09:59:53.001"}
{"level":"info","message":"Current server time: 2024-06-13 09:59:53.205","timestamp":"2024-06-13 09:59:53.371"}
{"level":"info","message":"Current server time: 2024-06-13 09:59:53.568","timestamp":"2024-06-13 09:59:53.751"}
{"level":"info","message":"Current server time: 2024-06-13 09:59:53.936","timestamp":"2024-06-13 09:59:54.115"}
{"level":"info","message":"Current server time: 2024-06-13 09:59:54.327","timestamp":"2024-06-13 09:59:54.494"}
{"level":"info","message":"Current server time: 2024-06-13 09:59:54.694","timestamp":"2024-06-13 09:59:54.861"}
{"level":"info","message":"Current server time: 2024-06-13 09:59:55.057","timestamp":"2024-06-13 09:59:55.224"}
{"level":"info","message":"Current server time: 2024-06-13 09:59:55.428","timestamp":"2024-06-13 09:59:55.596"}
{"level":"info","message":"Current server time: 2024-06-13 09:59:55.805","timestamp":"2024-06-13 09:59:55.973"}
{"level":"info","message":"Current server time: 2024-06-13 09:59:56.175","timestamp":"2024-06-13 09:59:56.345"}
{"level":"info","message":"Current server time: 2024-06-13 09:59:56.545","timestamp":"2024-06-13 09:59:56.712"}
{"level":"info","message":"Current server time: 2024-06-13 09:59:56.939","timestamp":"2024-06-13 09:59:57.106"}
{"level":"info","message":"Current server time: 2024-06-13 09:59:57.306","timestamp":"2024-06-13 09:59:57.473"}
{"level":"info","message":"Current server time: 2024-06-13 09:59:57.679","timestamp":"2024-06-13 09:59:57.847"}
{"level":"info","message":"Current server time: 2024-06-13 09:59:58.052","timestamp":"2024-06-13 09:59:58.219"}
{"level":"info","message":"Current server time: 2024-06-13 09:59:58.428","timestamp":"2024-06-13 09:59:58.597"}
{"level":"info","message":"Current server time: 2024-06-13 09:59:58.801","timestamp":"2024-06-13 09:59:58.968"}
{"level":"info","message":"Current server time: 2024-06-13 09:59:59.203","timestamp":"2024-06-13 09:59:59.370"}
{"level":"info","message":"Current server time: 2024-06-13 09:59:59.578","timestamp":"2024-06-13 10:00:00.319"}
{"level":"info","message":"Current server time: 2024-06-13 10:00:00.518","timestamp":"2024-06-13 10:00:00.684"}
{"level":"info","message":"Target time reached. Placing market order...","timestamp":"2024-06-13 10:00:00.685"}
{"config":{"data":"{\"currency_pair\":\"PETOSHI_USDT\",\"type\":\"market\",\"account\":\"spot\",\"side\":\"buy\",\"amount\":\"70\",\"time_in_force\":\"ioc\"}","headers":{"Accept":"application/json","Content-Length":114,"Content-Type":"application/json","KEY":"51e606d37f1498b14d3c1c1924fbb2fd","SIGN":"62360088c8d84a3903140e0e0a0d187206231fd9304c07fe66710dc4ef9c7ed690cdefa739070b2749ff3b9e055687ddca77d5cfb0f7dbf3c321d1c8bb034e42","Timestamp":"1718272800.686","User-Agent":"axios/0.21.4"},"maxBodyLength":-1,"maxContentLength":-1,"method":"post","params":{},"timeout":0,"transformRequest":[null],"transformResponse":[null],"transitional":{"clarifyTimeoutError":false,"forcedJSONParsing":true,"silentJSONParsing":true},"url":"https://api.gateio.ws/api/v4/spot/orders","xsrfCookieName":"XSRF-TOKEN","xsrfHeaderName":"X-XSRF-TOKEN"},"message":"Error creating order: Request failed with status code 400","stack":"Error: Request failed with status code 400\n    at createError (C:\\Users\\damir\\OneDrive\\Рабочий стол\\Bot 2\\node_modules\\gate-api\\node_modules\\axios\\lib\\core\\createError.js:16:15)\n    at settle (C:\\Users\\damir\\OneDrive\\Рабочий стол\\Bot 2\\node_modules\\gate-api\\node_modules\\axios\\lib\\core\\settle.js:17:12)\n    at IncomingMessage.handleStreamEnd (C:\\Users\\damir\\OneDrive\\Рабочий стол\\Bot 2\\node_modules\\gate-api\\node_modules\\axios\\lib\\adapters\\http.js:269:11)\n    at IncomingMessage.emit (node:events:530:35)\n    at endReadableNT (node:internal/streams/readable:1696:12)\n    at process.processTicksAndRejections (node:internal/process/task_queues:82:21)"}
{"level":"info","message":"Waiting for selling","timestamp":"2024-06-13 10:00:01.013"}
{"level":"error","message":"No balance available for PETOSHI","timestamp":"2024-06-13 10:00:03.370"}
